Content-Type: text/plain; charset="utf-8"
MIME-Version: 1.0
Content-Transfer-Encoding: 8bit
Subject: 
 =?utf-8?b?0KPRh9C10YLQvdCw0Y8g0LfQsNC/0LjRgdGMINC90LAg0LrQvtGA0L/QvtGA0LA=?=
 =?utf-8?b?0YLQuNCy0L3QvtC8INGB0LDQudGC0LUg0JLQsNGI0LAg0JHQtdC30L7Qv9Cw0YE=?=
 =?utf-8?b?0L3QvtGB0YLRjA==?=
From: webmaster@localhost
To: 12121@dcdsc.ru
Date: Wed, 20 Jul 2022 15:08:11 -0000
Message-ID: 
 <165832969128.10586.494193588702982039@1.0.0.0.0.0.0.0.0.0.0.0.0.0.0.0.0.0.0.0.0.0.0.0.0.0.0.0.0.0.0.0.ip6.arpa>

Добрый день, Андрей!
Для вас создана учетная запись на корпоративном сайте со следующими данными:
Логин : 12121@dcdsc.ru
Пароль : vrBx458rkz
В дальнейшем, при желании, Вы сможете изменить этот пароль в личном кабинете 
Начать работу на сайте Вы можете, перейдя по ссылке: www.vb-corp.ru
С уважением, команда сайта Ваша Безопасность.
-------------------------------------------------------------------------------
